<?xml version="1.0" encoding="UTF-8"?>
<!-- Generated by org.testng.reporters.JUnitXMLReporter -->
<testsuite ignored="0" hostname="DESKTOP-6PL38PB" failures="1" tests="3" name="Test" time="0.055" errors="0" timestamp="2023-05-24T14:40:15 IST">
  <testcase classname="Listeners.Dependency" name="test1" time="0.009"/>
  <testcase classname="Listeners.Dependency" name="test2" time="0.005">
    <failure type="java.lang.AssertionError" message="null">
      <![CDATA[java.lang.AssertionError: null
at Listeners.Dependency.test2(Dependency.java:14)
at java.base/java.util.ArrayList.forEach(ArrayList.java:1511)
... Removed 29 stack frames]]>
    </failure>
  </testcase> <!-- test2 -->
  <testcase classname="Listeners.Dependency" name="test3" time="0.001"/>
</testsuite> <!-- Test -->
